{"/Users/SimonLP/Documents/Interop/TestSonarQube/index.js": {"path":"/Users/SimonLP/Documents/Interop/TestSonarQube/index.js","statementMap":{"0":{"start":{"line":1,"column":16},"end":{"line":1,"column":34}},"1":{"start":{"line":2,"column":12},"end":{"line":2,"column":21}},"2":{"start":{"line":5,"column":20},"end":{"line":5,"column":48}},"3":{"start":{"line":6,"column":23},"end":{"line":6,"column":45}},"4":{"start":{"line":9,"column":27},"end":{"line":9,"column":56}},"5":{"start":{"line":11,"column":0},"end":{"line":26,"column":3}},"6":{"start":{"line":12,"column":19},"end":{"line":12,"column":33}},"7":{"start":{"line":15,"column":4},"end":{"line":17,"column":5}},"8":{"start":{"line":16,"column":8},"end":{"line":16,"column":45}},"9":{"start":{"line":20,"column":18},"end":{"line":20,"column":75}},"10":{"start":{"line":25,"column":4},"end":{"line":25,"column":44}},"11":{"start":{"line":29,"column":0},"end":{"line":38,"column":3}},"12":{"start":{"line":30,"column":17},"end":{"line":30,"column":48}},"13":{"start":{"line":31,"column":14},"end":{"line":31,"column":15}},"14":{"start":{"line":32,"column":4},"end":{"line":36,"column":5}},"15":{"start":{"line":33,"column":8},"end":{"line":33,"column":28}},"16":{"start":{"line":35,"column":8},"end":{"line":35,"column":28}},"17":{"start":{"line":37,"column":4},"end":{"line":37,"column":43}},"18":{"start":{"line":41,"column":0},"end":{"line":50,"column":3}},"19":{"start":{"line":42,"column":17},"end":{"line":42,"column":48}},"20":{"start":{"line":43,"column":14},"end":{"line":43,"column":15}},"21":{"start":{"line":44,"column":4},"end":{"line":48,"column":5}},"22":{"start":{"line":45,"column":8},"end":{"line":45,"column":28}},"23":{"start":{"line":47,"column":8},"end":{"line":47,"column":28}},"24":{"start":{"line":49,"column":4},"end":{"line":49,"column":43}},"25":{"start":{"line":52,"column":13},"end":{"line":52,"column":37}},"26":{"start":{"line":54,"column":0},"end":{"line":56,"column":1}},"27":{"start":{"line":55,"column":4},"end":{"line":55,"column":74}},"28":{"start":{"line":55,"column":27},"end":{"line":55,"column":72}},"29":{"start":{"line":58,"column":0},"end":{"line":58,"column":21}}},"fnMap":{"0":{"name":"(anonymous_0)","decl":{"start":{"line":11,"column":18},"end":{"line":11,"column":19}},"loc":{"start":{"line":11,"column":32},"end":{"line":26,"column":1}},"line":11},"1":{"name":"(anonymous_1)","decl":{"start":{"line":29,"column":30},"end":{"line":29,"column":31}},"loc":{"start":{"line":29,"column":44},"end":{"line":38,"column":1}},"line":29},"2":{"name":"(anonymous_2)","decl":{"start":{"line":41,"column":30},"end":{"line":41,"column":31}},"loc":{"start":{"line":41,"column":44},"end":{"line":50,"column":1}},"line":41},"3":{"name":"(anonymous_3)","decl":{"start":{"line":55,"column":21},"end":{"line":55,"column":22}},"loc":{"start":{"line":55,"column":27},"end":{"line":55,"column":72}},"line":55}},"branchMap":{"0":{"loc":{"start":{"line":15,"column":4},"end":{"line":17,"column":5}},"type":"if","locations":[{"start":{"line":15,"column":4},"end":{"line":17,"column":5}},{"start":{},"end":{}}],"line":15},"1":{"loc":{"start":{"line":30,"column":17},"end":{"line":30,"column":48}},"type":"binary-expr","locations":[{"start":{"line":30,"column":17},"end":{"line":30,"column":43}},{"start":{"line":30,"column":47},"end":{"line":30,"column":48}}],"line":30},"2":{"loc":{"start":{"line":32,"column":4},"end":{"line":36,"column":5}},"type":"if","locations":[{"start":{"line":32,"column":4},"end":{"line":36,"column":5}},{"start":{"line":34,"column":11},"end":{"line":36,"column":5}}],"line":32},"3":{"loc":{"start":{"line":42,"column":17},"end":{"line":42,"column":48}},"type":"binary-expr","locations":[{"start":{"line":42,"column":17},"end":{"line":42,"column":43}},{"start":{"line":42,"column":47},"end":{"line":42,"column":48}}],"line":42},"4":{"loc":{"start":{"line":44,"column":4},"end":{"line":48,"column":5}},"type":"if","locations":[{"start":{"line":44,"column":4},"end":{"line":48,"column":5}},{"start":{"line":46,"column":11},"end":{"line":48,"column":5}}],"line":44},"5":{"loc":{"start":{"line":52,"column":13},"end":{"line":52,"column":37}},"type":"binary-expr","locations":[{"start":{"line":52,"column":13},"end":{"line":52,"column":29}},{"start":{"line":52,"column":33},"end":{"line":52,"column":37}}],"line":52},"6":{"loc":{"start":{"line":54,"column":0},"end":{"line":56,"column":1}},"type":"if","locations":[{"start":{"line":54,"column":0},"end":{"line":56,"column":1}},{"start":{},"end":{}}],"line":54}},"s":{"0":1,"1":1,"2":1,"3":1,"4":1,"5":1,"6":0,"7":0,"8":0,"9":0,"10":0,"11":1,"12":1,"13":1,"14":1,"15":1,"16":0,"17":1,"18":1,"19":0,"20":0,"21":0,"22":0,"23":0,"24":0,"25":1,"26":1,"27":0,"28":0,"29":1},"f":{"0":0,"1":1,"2":0,"3":0},"b":{"0":[0,0],"1":[1,0],"2":[1,0],"3":[0,0],"4":[0,0],"5":[1,1],"6":[0,1]},"_coverageSchema":"1a1c01bbd47fc00a2c39e90264f33305004495a9","hash":"35338baed092d90ca2c6c77471261204b430e7fb"}
}
