TN:
SF:index.js
FN:11,(anonymous_0)
FN:29,(anonymous_1)
FN:41,(anonymous_2)
FN:55,(anonymous_3)
FNF:4
FNH:1
FNDA:0,(anonymous_0)
FNDA:1,(anonymous_1)
FNDA:0,(anonymous_2)
FNDA:0,(anonymous_3)
DA:1,1
DA:2,1
DA:5,1
DA:6,1
DA:9,1
DA:11,1
DA:12,0
DA:15,0
DA:16,0
DA:20,0
DA:25,0
DA:29,1
DA:30,1
DA:31,1
DA:32,1
DA:33,1
DA:35,0
DA:37,1
DA:41,1
DA:42,0
DA:43,0
DA:44,0
DA:45,0
DA:47,0
DA:49,0
DA:52,1
DA:54,1
DA:55,0
DA:58,1
LF:29
LH:16
BRDA:15,0,0,0
BRDA:15,0,1,0
BRDA:30,1,0,1
BRDA:30,1,1,0
BRDA:32,2,0,1
BRDA:32,2,1,0
BRDA:42,3,0,0
BRDA:42,3,1,0
BRDA:44,4,0,0
BRDA:44,4,1,0
BRDA:52,5,0,1
BRDA:52,5,1,1
BRDA:54,6,0,0
BRDA:54,6,1,1
BRF:14
BRH:5
end_of_record
